custom_components\house_battery_control\fsm\base.py:24: error: Incompatible types in assignment (expression has type "None", variable has type "float")  [assignment]
tests\conftest.py:17: error: Module has no attribute "ioctl"  [attr-defined]
custom_components\house_battery_control\historical_analyzer.py:69: error: Need type annotation for "historical_profile" (hint: "historical_profile: dict[<type>, <type>] = ...")  [var-annotated]
custom_components\house_battery_control\fsm\dp_fsm.py:496: error: Argument 1 to "float" has incompatible type "dict[Any, Any]"; expected "str | Buffer | SupportsFloat | SupportsIndex"  [arg-type]
custom_components\house_battery_control\fsm\dp_fsm.py:501: error: Argument 1 to "float" has incompatible type "dict[Any, Any]"; expected "str | Buffer | SupportsFloat | SupportsIndex"  [arg-type]
tests\test_fsm_default.py:37: error: Argument 1 to "FSMContext" has incompatible type "**dict[str, object]"; expected "float"  [arg-type]
tests\test_fsm_default.py:37: error: Argument 1 to "FSMContext" has incompatible type "**dict[str, object]"; expected "list[dict[Any, Any]]"  [arg-type]
tests\test_fsm_default.py:37: error: Argument 1 to "FSMContext" has incompatible type "**dict[str, object]"; expected "dict[Any, Any]"  [arg-type]
custom_components\house_battery_control\web.py:14: error: Library stubs not installed for "yaml"  [import-untyped]
custom_components\house_battery_control\web.py:14: note: Hint: "python3 -m pip install types-PyYAML"
custom_components\house_battery_control\web.py:14: note: (or run "mypy --install-types" to install all missing stub packages)
custom_components\house_battery_control\web.py:14: note: See https://mypy.readthedocs.io/en/stable/running_mypy.html#missing-imports
custom_components\house_battery_control\web.py:317: error: Need type annotation for "history_data"  [var-annotated]
custom_components\house_battery_control\web.py:322: error: Incompatible types in assignment (expression has type "Any | list[Any]", variable has type "dict[str, list[Any]]")  [assignment]
custom_components\house_battery_control\weather.py:45: error: Item "list[JsonValueType]" of "dict[str, JsonValueType] | list[JsonValueType] | str | int | float | bool | None" has no attribute "get"  [union-attr]
custom_components\house_battery_control\weather.py:45: error: Item "str" of "dict[str, JsonValueType] | list[JsonValueType] | str | int | float | bool | None" has no attribute "get"  [union-attr]
custom_components\house_battery_control\weather.py:45: error: Item "int" of "dict[str, JsonValueType] | list[JsonValueType] | str | int | float | bool | None" has no attribute "get"  [union-attr]
custom_components\house_battery_control\weather.py:45: error: Item "float" of "dict[str, JsonValueType] | list[JsonValueType] | str | int | float | bool | None" has no attribute "get"  [union-attr]
custom_components\house_battery_control\weather.py:45: error: Item "bool" of "dict[str, JsonValueType] | list[JsonValueType] | str | int | float | bool | None" has no attribute "get"  [union-attr]
custom_components\house_battery_control\weather.py:45: error: Item "None" of "dict[str, JsonValueType] | list[JsonValueType] | str | int | float | bool | None" has no attribute "get"  [union-attr]
custom_components\house_battery_control\weather.py:46: error: Argument 1 to "_parse_forecast" of "WeatherManager" has incompatible type "dict[str, JsonValueType] | list[JsonValueType] | str | int | float | Any | None"; expected "list[Any]"  [arg-type]
custom_components\house_battery_control\weather.py:89: error: Incompatible types in assignment (expression has type "list[dict[str, Any]]", variable has type "list[WeatherInterval]")  [assignment]
custom_components\house_battery_control\rates.py:62: error: Argument 1 to "sorted" has incompatible type "dict_values[Any, dict[str, Any]]"; expected "Iterable[RateInterval]"  [arg-type]
custom_components\house_battery_control\config_flow.py:80: error: Return type "Coroutine[Any, Any, FlowResult[FlowContext, str]]" of "async_step_user" incompatible with return type "Coroutine[Any, Any, ConfigFlowResult]" in supertype "homeassistant.config_entries.ConfigFlow"  [override]
custom_components\house_battery_control\config_flow.py:82: error: Incompatible return value type (got "ConfigFlowResult", expected "FlowResult[FlowContext, str]")  [return-value]
custom_components\house_battery_control\config_flow.py:100: error: Incompatible return value type (got "ConfigFlowResult", expected "FlowResult[FlowContext, str]")  [return-value]
custom_components\house_battery_control\config_flow.py:105: error: Incompatible return value type (got "ConfigFlowResult", expected "FlowResult[FlowContext, str]")  [return-value]
custom_components\house_battery_control\config_flow.py:119: error: Incompatible return value type (got "ConfigFlowResult", expected "FlowResult[FlowContext, str]")  [return-value]
custom_components\house_battery_control\config_flow.py:147: error: Incompatible return value type (got "ConfigFlowResult", expected "FlowResult[FlowContext, str]")  [return-value]
custom_components\house_battery_control\config_flow.py:212: error: Incompatible return value type (got "ConfigFlowResult", expected "FlowResult[FlowContext, str]")  [return-value]
custom_components\house_battery_control\config_flow.py:218: error: Incompatible return value type (got "ConfigFlowResult", expected "FlowResult[FlowContext, str]")  [return-value]
custom_components\house_battery_control\config_flow.py:220: error: Incompatible return value type (got "ConfigFlowResult", expected "FlowResult[FlowContext, str]")  [return-value]
custom_components\house_battery_control\config_flow.py:261: error: Incompatible return value type (got "ConfigFlowResult", expected "FlowResult[FlowContext, str]")  [return-value]
custom_components\house_battery_control\config_flow.py:271: error: Incompatible return value type (got "ConfigFlowResult", expected "FlowResult[FlowContext, str]")  [return-value]
custom_components\house_battery_control\config_flow.py:273: error: Incompatible return value type (got "ConfigFlowResult", expected "FlowResult[FlowContext, str]")  [return-value]
custom_components\house_battery_control\config_flow.py:305: error: Incompatible return value type (got "ConfigFlowResult", expected "FlowResult[FlowContext, str]")  [return-value]
custom_components\house_battery_control\config_flow.py:307: error: Incompatible return value type (got "ConfigFlowResult", expected "FlowResult[FlowContext, str]")  [return-value]
custom_components\house_battery_control\config_flow.py:392: error: Incompatible return value type (got "ConfigFlowResult", expected "FlowResult[FlowContext, str]")  [return-value]
custom_components\house_battery_control\config_flow.py:394: error: Incompatible return value type (got "ConfigFlowResult", expected "FlowResult[FlowContext, str]")  [return-value]
custom_components\house_battery_control\solar\solcast.py:106: error: Argument "key" to "sort" of "list" has incompatible type "Callable[[dict[str, object]], object]"; expected "Callable[[dict[str, object]], SupportsDunderLT[Any] | SupportsDunderGT[Any]]"  [arg-type]
custom_components\house_battery_control\solar\solcast.py:106: error: Incompatible return value type (got "object", expected "SupportsDunderLT[Any] | SupportsDunderGT[Any]")  [return-value]
custom_components\house_battery_control\solar\solcast.py:108: error: Incompatible return value type (got "list[dict[str, object]]", expected "list[SolarForecastData]")  [return-value]
custom_components\house_battery_control\load.py:15: error: Need type annotation for "last_history" (hint: "last_history: list[<type>] = ...")  [var-annotated]
custom_components\house_battery_control\load.py:20: error: Incompatible default for argument "temp_forecast" (default has type "None", argument has type "list[dict[Any, Any]]")  [assignment]
custom_components\house_battery_control\load.py:20: note: PEP 484 prohibits implicit Optional. Accordingly, mypy has changed its default to no_implicit_optional=True
custom_components\house_battery_control\load.py:20: note: Use https://github.com/hauntsaninja/no_implicit_optional to automatically upgrade your codebase
custom_components\house_battery_control\load.py:26: error: Incompatible default for argument "load_entity_id" (default has type "None", argument has type "str")  [assignment]
custom_components\house_battery_control\load.py:26: note: PEP 484 prohibits implicit Optional. Accordingly, mypy has changed its default to no_implicit_optional=True
custom_components\house_battery_control\load.py:26: note: Use https://github.com/hauntsaninja/no_implicit_optional to automatically upgrade your codebase
custom_components\house_battery_control\load.py:72: error: Item "dict[str, Any]" of "State | dict[str, Any]" has no attribute "entity_id"  [union-attr]
custom_components\house_battery_control\load.py:73: error: Item "dict[str, Any]" of "State | dict[str, Any]" has no attribute "state"  [union-attr]
custom_components\house_battery_control\load.py:77: error: Item "dict[str, Any]" of "State | dict[str, Any]" has no attribute "last_changed"  [union-attr]
custom_components\house_battery_control\load.py:78: error: Item "dict[str, Any]" of "State | dict[str, Any]" has no attribute "last_updated"  [union-attr]
custom_components\house_battery_control\load.py:79: error: Item "dict[str, Any]" of "State | dict[str, Any]" has no attribute "attributes"  [union-attr]
custom_components\house_battery_control\coordinator.py:254: error: Argument 1 to "sum" has incompatible type "list[float | datetime | Any]"; expected "Iterable[bool]"  [arg-type]
custom_components\house_battery_control\coordinator.py:402: error: Argument "temp_forecast" to "async_predict" of "LoadPredictor" has incompatible type "list[WeatherInterval]"; expected "list[dict[Any, Any]]"  [arg-type]
custom_components\house_battery_control\coordinator.py:421: error: Argument "forecast_solar" to "FSMContext" has incompatible type "list[SolarForecastData]"; expected "list[dict[Any, Any]]"  [arg-type]
custom_components\house_battery_control\coordinator.py:423: error: Argument "forecast_price" to "FSMContext" has incompatible type "list[RateInterval]"; expected "list[dict[Any, Any]]"  [arg-type]
custom_components\house_battery_control\coordinator.py:464: error: Argument 1 to "async_add_executor_job" of "HomeAssistant" has incompatible type "Callable[[list[dict[Any, Any]], list[dict[Any, Any]], list[dict[Any, Any]], list[dict[Any, Any]], float, str], list[dict[Any, Any]]]"; expected "Callable[[list[RateInterval], list[SolarForecastData], list[dict[Any, Any]], list[WeatherInterval], float, str], Any]"  [arg-type]
Found 52 errors in 12 files (checked 35 source files)
